<?xml version="1.0" encoding="UTF-8"?>
<testng-results skipped="0" failed="0" ignored="0" total="1" passed="1">
  <reporter-output>
  </reporter-output>
  <suite name="Surefire suite" duration-ms="80474" started-at="2021-09-30T22:21:28 EDT" finished-at="2021-09-30T22:22:49 EDT">
    <groups>
    </groups>
    <test name="Surefire test" duration-ms="80474" started-at="2021-09-30T22:21:28 EDT" finished-at="2021-09-30T22:22:49 EDT">
      <class name="testScripts.LoginTest">
        <test-method status="PASS" signature="openBrowser()[pri:0, instance:testScripts.LoginTest@3224f60b]" name="openBrowser" is-config="true" duration-ms="17463" started-at="2021-09-30T22:21:28 EDT" finished-at="2021-09-30T22:21:46 EDT">
          <reporter-output>
          </reporter-output>
        </test-method> <!-- openBrowser -->
        <test-method status="PASS" signature="loginTestCase()[pri:0, instance:testScripts.LoginTest@3224f60b]" name="loginTestCase" duration-ms="62400" started-at="2021-09-30T22:21:46 EDT" finished-at="2021-09-30T22:22:48 EDT">
          <reporter-output>
          </reporter-output>
        </test-method> <!-- loginTestCase -->
        <test-method status="PASS" signature="closeBrowser()[pri:0, instance:testScripts.LoginTest@3224f60b]" name="closeBrowser" is-config="true" duration-ms="567" started-at="2021-09-30T22:22:48 EDT" finished-at="2021-09-30T22:22:49 EDT">
          <reporter-output>
          </reporter-output>
        </test-method> <!-- closeBrowser -->
      </class> <!-- testScripts.LoginTest -->
    </test> <!-- Surefire test -->
  </suite> <!-- Surefire suite -->
</testng-results>
