<?xml version="1.0" encoding="UTF-8"?>
<testng-results ignored="0" total="1" passed="1" failed="0" skipped="0">
  <reporter-output>
  </reporter-output>
  <suite started-at="2021-09-27T22:44:13 EDT" name="Default suite" finished-at="2021-09-27T22:45:18 EDT" duration-ms="64647">
    <groups>
    </groups>
    <test started-at="2021-09-27T22:44:13 EDT" name="Default test" finished-at="2021-09-27T22:45:18 EDT" duration-ms="64647">
      <class name="testScripts.LoginTest">
        <test-method is-config="true" signature="openBrowser()[pri:0, instance:testScripts.LoginTest@156b88f5]" started-at="2021-09-27T22:44:13 EDT" name="openBrowser" finished-at="2021-09-27T22:44:27 EDT" duration-ms="13846" status="PASS">
          <reporter-output>
          </reporter-output>
        </test-method> <!-- openBrowser -->
        <test-method signature="loginTestCase()[pri:0, instance:testScripts.LoginTest@156b88f5]" started-at="2021-09-27T22:44:27 EDT" name="loginTestCase" finished-at="2021-09-27T22:45:17 EDT" duration-ms="50585" status="PASS">
          <reporter-output>
          </reporter-output>
        </test-method> <!-- loginTestCase -->
        <test-method is-config="true" signature="closeBrowser()[pri:0, instance:testScripts.LoginTest@156b88f5]" started-at="2021-09-27T22:45:17 EDT" name="closeBrowser" finished-at="2021-09-27T22:45:18 EDT" duration-ms="173" status="PASS">
          <reporter-output>
          </reporter-output>
        </test-method> <!-- closeBrowser -->
      </class> <!-- testScripts.LoginTest -->
    </test> <!-- Default test -->
  </suite> <!-- Default suite -->
</testng-results>
